<?xml version="1.0" encoding="UTF-8"?>
<!-- Generated by org.testng.reporters.JUnitReportReporter -->
<testsuite skipped="0" hostname="Fazal" name="com.TestClasses.TestHomePage" tests="1" failures="0" timestamp="22 Nov 2020 19:52:12 GMT" time="18.783" errors="0">
  <testcase name="TestNavigateToChapter1Page" time="18.783" classname="com.TestClasses.TestHomePage"/>
</testsuite> <!-- com.TestClasses.TestHomePage -->
