<?xml version="1.0" encoding="UTF-8"?>
<!-- Generated by org.testng.reporters.JUnitReportReporter -->
<testsuite skipped="0" hostname="Fazal" name="com.TestClasses.TestSeleniumBegginnerGuidePage" tests="1" failures="0" timestamp="21 Nov 2020 20:24:03 GMT" time="10.360" errors="0">
  <testcase name="TestNavigateToChapter1Page" time="10.360" classname="com.TestClasses.TestSeleniumBegginnerGuidePage"/>
</testsuite> <!-- com.TestClasses.TestSeleniumBegginnerGuidePage -->
