<?xml version="1.0" encoding="UTF-8"?>
<!-- Generated by org.testng.reporters.JUnitReportReporter -->
<testsuite hostname="LQA-FAZALREHMAN" failures="0" tests="1" name="com.TestClasses.TestHomePage" time="8.360" errors="0" timestamp="24 Nov 2020 13:58:32 GMT" skipped="0">
  <testcase classname="com.TestClasses.TestHomePage" name="testNavigationChapter1ToHomePage" time="8.360"/>
</testsuite> <!-- com.TestClasses.TestHomePage -->
